

Started GET "/users/new" for 127.0.0.1 at 2012-01-07 11:36:54 -0800
  Processing by UsersController#new as HTML
Rendered users/_form.html.erb (19.5ms)
Rendered users/new.html.erb within layouts/application (37.5ms)
Compiled application.css  (1ms)  (pid 4753)
Completed 500 Internal Server Error in 111ms

ActionView::Template::Error (no such file to load -- sass
  (in /Users/gogo/Desktop/testapp/app/assets/stylesheets/scaffolds.css.scss)):
    2: <html>
    3: <head>
    4:   <title>Testapp</title>
    5:   <%= stylesheet_link_tag    "application" %>
    6:   <%= javascript_include_tag "application" %>
    7:   <%= csrf_meta_tags %>
    8: </head>
  app/views/layouts/application.html.erb:5:in `_app_views_layouts_application_html_erb__2114386009004113028_70278534708100'
  app/controllers/users_controller.rb:29:in `new'

Rendered /Users/gogo/.rvm/gems/ruby-1.9.2-p290/gems/actionpack-3.1.1/lib/action_dispatch/middleware/templates/rescues/_trace.erb (1.2ms)
Rendered /Users/gogo/.rvm/gems/ruby-1.9.2-p290/gems/actionpack-3.1.1/lib/action_dispatch/middleware/templates/rescues/_request_and_response.erb (0.9ms)
Rendered /Users/gogo/.rvm/gems/ruby-1.9.2-p290/gems/actionpack-3.1.1/lib/action_dispatch/middleware/templates/rescues/template_error.erb within rescues/layout (5.4ms)


Started GET "/users/new" for 127.0.0.1 at 2012-01-07 11:37:28 -0800
  Processing by UsersController#new as HTML
Rendered users/_form.html.erb (21.3ms)
Rendered users/new.html.erb within layouts/application (39.8ms)
Compiled application.css  (1ms)  (pid 4760)
Compiled scaffolds.css  (36ms)  (pid 4760)
Compiled users.css  (1ms)  (pid 4760)
Completed 500 Internal Server Error in 160ms

ActionView::Template::Error (couldn't find file 'jquery'
  (in /Users/gogo/Desktop/testapp/app/assets/javascripts/application.js:7)):
    3: <head>
    4:   <title>Testapp</title>
    5:   <%= stylesheet_link_tag    "application" %>
    6:   <%= javascript_include_tag "application" %>
    7:   <%= csrf_meta_tags %>
    8: </head>
    9: <body>
  app/views/layouts/application.html.erb:6:in `_app_views_layouts_application_html_erb__2758292014498801136_70120845631580'
  app/controllers/users_controller.rb:29:in `new'

Rendered /Users/gogo/.rvm/gems/ruby-1.9.2-p290/gems/actionpack-3.1.1/lib/action_dispatch/middleware/templates/rescues/_trace.erb (1.2ms)
Rendered /Users/gogo/.rvm/gems/ruby-1.9.2-p290/gems/actionpack-3.1.1/lib/action_dispatch/middleware/templates/rescues/_request_and_response.erb (0.8ms)
Rendered /Users/gogo/.rvm/gems/ruby-1.9.2-p290/gems/actionpack-3.1.1/lib/action_dispatch/middleware/templates/rescues/template_error.erb within rescues/layout (3.9ms)


Started GET "/users/new" for 127.0.0.1 at 2012-01-07 11:38:15 -0800
  Processing by UsersController#new as HTML
Rendered users/_form.html.erb (43.2ms)
Rendered users/new.html.erb within layouts/application (60.9ms)
Compiled application.js  (3ms)  (pid 4776)
Compiled jquery.js  (5ms)  (pid 4776)
Compiled jquery_ujs.js  (1ms)  (pid 4776)
Completed 500 Internal Server Error in 145ms

ActionView::Template::Error (no such file to load -- coffee_script
  (in /Users/gogo/Desktop/testapp/app/assets/javascripts/users.js.coffee)):
    3: <head>
    4:   <title>Testapp</title>
    5:   <%= stylesheet_link_tag    "application" %>
    6:   <%= javascript_include_tag "application" %>
    7:   <%= csrf_meta_tags %>
    8: </head>
    9: <body>
  app/views/layouts/application.html.erb:6:in `_app_views_layouts_application_html_erb___124960497854486904_70262895082040'
  app/controllers/users_controller.rb:29:in `new'

Rendered /Users/gogo/.rvm/gems/ruby-1.9.2-p290/gems/actionpack-3.1.1/lib/action_dispatch/middleware/templates/rescues/_trace.erb (1.7ms)
Rendered /Users/gogo/.rvm/gems/ruby-1.9.2-p290/gems/actionpack-3.1.1/lib/action_dispatch/middleware/templates/rescues/_request_and_response.erb (0.9ms)
Rendered /Users/gogo/.rvm/gems/ruby-1.9.2-p290/gems/actionpack-3.1.1/lib/action_dispatch/middleware/templates/rescues/template_error.erb within rescues/layout (4.3ms)


Started GET "/users/new" for 127.0.0.1 at 2012-01-07 11:38:43 -0800
  Processing by UsersController#new as HTML
Rendered users/_form.html.erb (21.1ms)
Rendered users/new.html.erb within layouts/application (40.6ms)
Compiled application.js  (3ms)  (pid 4783)
Compiled users.js  (191ms)  (pid 4783)
Completed 200 OK in 366ms (Views: 361.1ms | ActiveRecord: 4.0ms)


Started GET "/assets/application.css?body=1" for 127.0.0.1 at 2012-01-07 11:38:44 -0800
Served asset /application.css - 200 OK (0ms)


Started GET "/assets/scaffolds.css?body=1" for 127.0.0.1 at 2012-01-07 11:38:44 -0800
Served asset /scaffolds.css - 200 OK (2ms)


Started GET "/assets/users.css?body=1" for 127.0.0.1 at 2012-01-07 11:38:44 -0800
Served asset /users.css - 200 OK (3ms)


Started GET "/assets/jquery.js?body=1" for 127.0.0.1 at 2012-01-07 11:38:44 -0800
Served asset /jquery.js - 200 OK (4ms)


Started GET "/assets/jquery_ujs.js?body=1" for 127.0.0.1 at 2012-01-07 11:38:44 -0800
Served asset /jquery_ujs.js - 200 OK (3ms)


Started GET "/assets/users.js?body=1" for 127.0.0.1 at 2012-01-07 11:38:44 -0800
Served asset /users.js - 200 OK (2ms)


Started GET "/assets/application.js?body=1" for 127.0.0.1 at 2012-01-07 11:38:44 -0800
Served asset /application.js - 200 OK (0ms)


Started POST "/users" for 127.0.0.1 at 2012-01-07 11:38:56 -0800
  Processing by UsersController#create as HTML
  Parameters: {"utf8"=>"✓", "authenticity_token"=>"6Ez/ZSVBiCG/nt0Ay2WJbX3eqipmqMoqTQa0EkDjJSA=", "user"=>{"name"=>"", "avatar_url"=>#<ActionDispatch::Http::UploadedFile:0x007feabb729478 @original_filename="chute.rb", @content_type="text/x-ruby-script", @headers="Content-Disposition: form-data; name=\"user[avatar_url]\"; filename=\"chute.rb\"\r\nContent-Type: text/x-ruby-script\r\n", @tempfile=#<File:/var/folders/gz/jxmj6z9949q_6vpp3cwcjs0w0000gn/T/RackMultipart20120107-4783-sm45n>>}, "commit"=>"Create User"}
Completed 500 Internal Server Error in 42ms

ActiveRecord::UnknownAttributeError (unknown attribute: avatar_url):
  app/controllers/users_controller.rb:43:in `new'
  app/controllers/users_controller.rb:43:in `create'

Rendered /Users/gogo/.rvm/gems/ruby-1.9.2-p290/gems/actionpack-3.1.1/lib/action_dispatch/middleware/templates/rescues/_trace.erb (1.0ms)
Rendered /Users/gogo/.rvm/gems/ruby-1.9.2-p290/gems/actionpack-3.1.1/lib/action_dispatch/middleware/templates/rescues/_request_and_response.erb (0.9ms)
Rendered /Users/gogo/.rvm/gems/ruby-1.9.2-p290/gems/actionpack-3.1.1/lib/action_dispatch/middleware/templates/rescues/diagnostics.erb within rescues/layout (3.8ms)


Started GET "/users/new" for 127.0.0.1 at 2012-01-07 11:40:25 -0800

LoadError (no such file to load -- httparty):
  lib/chute.rb:1:in `<top (required)>'
  app/controllers/users_controller.rb:1:in `<top (required)>'

Rendered /Users/gogo/.rvm/gems/ruby-1.9.2-p290/gems/actionpack-3.1.1/lib/action_dispatch/middleware/templates/rescues/_trace.erb (1.2ms)
Rendered /Users/gogo/.rvm/gems/ruby-1.9.2-p290/gems/actionpack-3.1.1/lib/action_dispatch/middleware/templates/rescues/_request_and_response.erb (6.7ms)
Rendered /Users/gogo/.rvm/gems/ruby-1.9.2-p290/gems/actionpack-3.1.1/lib/action_dispatch/middleware/templates/rescues/diagnostics.erb within rescues/layout (20.0ms)


Started GET "/users/new" for 127.0.0.1 at 2012-01-07 11:41:19 -0800


Started GET "/users/new" for 127.0.0.1 at 2012-01-07 11:41:45 -0800
  Processing by UsersController#new as HTML
Rendered users/_form.html.erb (21.5ms)
Rendered users/new.html.erb within layouts/application (60.8ms)
Completed 200 OK in 114ms (Views: 108.7ms | ActiveRecord: 4.3ms)


Started GET "/assets/application.css?body=1" for 127.0.0.1 at 2012-01-07 11:41:46 -0800
Served asset /application.css - 304 Not Modified (0ms)


Started GET "/assets/scaffolds.css?body=1" for 127.0.0.1 at 2012-01-07 11:41:46 -0800
Served asset /scaffolds.css - 304 Not Modified (2ms)


Started GET "/assets/users.css?body=1" for 127.0.0.1 at 2012-01-07 11:41:46 -0800
Served asset /users.css - 304 Not Modified (2ms)


Started GET "/assets/jquery.js?body=1" for 127.0.0.1 at 2012-01-07 11:41:46 -0800
Served asset /jquery.js - 304 Not Modified (2ms)


Started GET "/assets/jquery_ujs.js?body=1" for 127.0.0.1 at 2012-01-07 11:41:46 -0800
Served asset /jquery_ujs.js - 304 Not Modified (3ms)


Started GET "/assets/users.js?body=1" for 127.0.0.1 at 2012-01-07 11:41:46 -0800
Served asset /users.js - 304 Not Modified (1ms)


Started GET "/assets/application.js?body=1" for 127.0.0.1 at 2012-01-07 11:41:46 -0800
Served asset /application.js - 304 Not Modified (0ms)


Started GET "/users/new" for 127.0.0.1 at 2012-01-07 11:42:09 -0800
  Processing by UsersController#new as HTML
Rendered users/_form.html.erb (43.7ms)
Rendered users/new.html.erb within layouts/application (44.8ms)
Completed 200 OK in 52ms (Views: 49.3ms | ActiveRecord: 2.3ms)


Started GET "/assets/application.css?body=1" for 127.0.0.1 at 2012-01-07 11:42:09 -0800
Served asset /application.css - 304 Not Modified (0ms)


Started GET "/assets/scaffolds.css?body=1" for 127.0.0.1 at 2012-01-07 11:42:09 -0800
Served asset /scaffolds.css - 304 Not Modified (0ms)


Started GET "/assets/users.css?body=1" for 127.0.0.1 at 2012-01-07 11:42:09 -0800
Served asset /users.css - 304 Not Modified (0ms)


Started GET "/assets/jquery.js?body=1" for 127.0.0.1 at 2012-01-07 11:42:09 -0800
Served asset /jquery.js - 304 Not Modified (0ms)


Started GET "/assets/jquery_ujs.js?body=1" for 127.0.0.1 at 2012-01-07 11:42:09 -0800
Served asset /jquery_ujs.js - 304 Not Modified (0ms)


Started GET "/assets/users.js?body=1" for 127.0.0.1 at 2012-01-07 11:42:09 -0800
Served asset /users.js - 304 Not Modified (0ms)


Started GET "/assets/application.js?body=1" for 127.0.0.1 at 2012-01-07 11:42:09 -0800
Served asset /application.js - 304 Not Modified (0ms)


Started POST "/users" for 127.0.0.1 at 2012-01-07 11:42:16 -0800
  Processing by UsersController#create as HTML
  Parameters: {"utf8"=>"✓", "authenticity_token"=>"6Ez/ZSVBiCG/nt0Ay2WJbX3eqipmqMoqTQa0EkDjJSA=", "user"=>{"name"=>"", "avatar_url"=>#<ActionDispatch::Http::UploadedFile:0x007ff8ac158248 @original_filename="_1.png", @content_type="image/png", @headers="Content-Disposition: form-data; name=\"user[avatar_url]\"; filename=\"_1.png\"\r\nContent-Type: image/png\r\n", @tempfile=#<File:/var/folders/gz/jxmj6z9949q_6vpp3cwcjs0w0000gn/T/RackMultipart20120107-4846-uo9ane>>}, "commit"=>"Create User"}
Rendered text template (0.0ms)
Completed 200 OK in 9ms (Views: 8.9ms | ActiveRecord: 0.0ms)


Started GET "/users" for 127.0.0.1 at 2012-01-07 11:43:05 -0800
  Processing by UsersController#index as HTML
Rendered users/index.html.erb within layouts/application (50.9ms)
Completed 500 Internal Server Error in 86ms

ActionView::Template::Error (You have a nil object when you didn't expect it!
You might have expected an instance of Array.
The error occurred while evaluating nil.each):
    9:     <th></th>
    10:   </tr>
    11: 
    12: <% @users.each do |user| %>
    13:   <tr>
    14:     <td><%= user.name %></td>
    15:     <td><%= user.avatar_url %></td>
  app/views/users/index.html.erb:12:in `_app_views_users_index_html_erb__1720776086102360188_70306304040060'

Rendered /Users/gogo/.rvm/gems/ruby-1.9.2-p290/gems/actionpack-3.1.1/lib/action_dispatch/middleware/templates/rescues/_trace.erb (1.6ms)
Rendered /Users/gogo/.rvm/gems/ruby-1.9.2-p290/gems/actionpack-3.1.1/lib/action_dispatch/middleware/templates/rescues/_request_and_response.erb (0.8ms)
Rendered /Users/gogo/.rvm/gems/ruby-1.9.2-p290/gems/actionpack-3.1.1/lib/action_dispatch/middleware/templates/rescues/template_error.erb within rescues/layout (5.6ms)


Started GET "/users/new" for 127.0.0.1 at 2012-01-07 11:43:14 -0800
  Processing by UsersController#new as HTML
Rendered users/_form.html.erb (22.3ms)
Rendered users/new.html.erb within layouts/application (33.4ms)
Completed 200 OK in 78ms (Views: 74.9ms | ActiveRecord: 2.8ms)


Started GET "/assets/application.css?body=1" for 127.0.0.1 at 2012-01-07 11:43:14 -0800
Served asset /application.css - 304 Not Modified (0ms)


Started GET "/assets/scaffolds.css?body=1" for 127.0.0.1 at 2012-01-07 11:43:14 -0800
Served asset /scaffolds.css - 304 Not Modified (3ms)


Started GET "/assets/users.css?body=1" for 127.0.0.1 at 2012-01-07 11:43:14 -0800
Served asset /users.css - 304 Not Modified (2ms)


Started GET "/assets/jquery.js?body=1" for 127.0.0.1 at 2012-01-07 11:43:14 -0800
Served asset /jquery.js - 304 Not Modified (2ms)


Started GET "/assets/jquery_ujs.js?body=1" for 127.0.0.1 at 2012-01-07 11:43:14 -0800
Served asset /jquery_ujs.js - 304 Not Modified (2ms)


Started GET "/assets/users.js?body=1" for 127.0.0.1 at 2012-01-07 11:43:14 -0800
Served asset /users.js - 304 Not Modified (3ms)


Started GET "/assets/application.js?body=1" for 127.0.0.1 at 2012-01-07 11:43:14 -0800
Served asset /application.js - 304 Not Modified (0ms)


Started POST "/users" for 127.0.0.1 at 2012-01-07 11:43:29 -0800
  Processing by UsersController#create as HTML
  Parameters: {"utf8"=>"✓", "authenticity_token"=>"6Ez/ZSVBiCG/nt0Ay2WJbX3eqipmqMoqTQa0EkDjJSA=", "user"=>{"name"=>"AAA", "avatar_url"=>#<ActionDispatch::Http::UploadedFile:0x007fe2ed69a6b8 @original_filename="1.jpg", @content_type="image/jpeg", @headers="Content-Disposition: form-data; name=\"user[avatar_url]\"; filename=\"1.jpg\"\r\nContent-Type: image/jpeg\r\n", @tempfile=#<File:/var/folders/gz/jxmj6z9949q_6vpp3cwcjs0w0000gn/T/RackMultipart20120107-4863-186v449>>}, "commit"=>"Create User"}
Rendered text template (0.0ms)
Completed 200 OK in 7138ms (Views: 8.6ms | ActiveRecord: 0.0ms)


Started GET "/users/new" for 127.0.0.1 at 2012-01-07 11:43:58 -0800
  Processing by UsersController#new as HTML
Rendered users/_form.html.erb (43.4ms)
Rendered users/new.html.erb within layouts/application (45.0ms)
Completed 200 OK in 52ms (Views: 49.5ms | ActiveRecord: 2.2ms)


Started GET "/assets/application.css?body=1" for 127.0.0.1 at 2012-01-07 11:43:58 -0800
Served asset /application.css - 304 Not Modified (0ms)


Started GET "/assets/scaffolds.css?body=1" for 127.0.0.1 at 2012-01-07 11:43:58 -0800
Served asset /scaffolds.css - 304 Not Modified (0ms)


Started GET "/assets/users.css?body=1" for 127.0.0.1 at 2012-01-07 11:43:58 -0800
Served asset /users.css - 304 Not Modified (0ms)


Started GET "/assets/jquery.js?body=1" for 127.0.0.1 at 2012-01-07 11:43:58 -0800
Served asset /jquery.js - 304 Not Modified (0ms)


Started GET "/assets/jquery_ujs.js?body=1" for 127.0.0.1 at 2012-01-07 11:43:58 -0800
Served asset /jquery_ujs.js - 304 Not Modified (0ms)


Started GET "/assets/users.js?body=1" for 127.0.0.1 at 2012-01-07 11:43:58 -0800
Served asset /users.js - 304 Not Modified (0ms)


Started GET "/assets/application.js?body=1" for 127.0.0.1 at 2012-01-07 11:43:58 -0800
Served asset /application.js - 304 Not Modified (0ms)


Started POST "/users" for 127.0.0.1 at 2012-01-07 11:44:06 -0800
  Processing by UsersController#create as HTML
  Parameters: {"utf8"=>"✓", "authenticity_token"=>"6Ez/ZSVBiCG/nt0Ay2WJbX3eqipmqMoqTQa0EkDjJSA=", "user"=>{"name"=>"YAY", "avatar_url"=>#<ActionDispatch::Http::UploadedFile:0x007fe2ed6c94b8 @original_filename="5.jpg", @content_type="image/jpeg", @headers="Content-Disposition: form-data; name=\"user[avatar_url]\"; filename=\"5.jpg\"\r\nContent-Type: image/jpeg\r\n", @tempfile=#<File:/var/folders/gz/jxmj6z9949q_6vpp3cwcjs0w0000gn/T/RackMultipart20120107-4863-1czr0b2>>}, "commit"=>"Create User"}
Rendered text template (0.0ms)
Completed 200 OK in 12824ms (Views: 4.1ms | ActiveRecord: 0.0ms)


Started GET "/users" for 127.0.0.1 at 2012-01-07 11:50:08 -0800
  Processing by UsersController#index as HTML
Rendered users/index.html.erb within layouts/application (59.2ms)
Completed 500 Internal Server Error in 103ms

ActionView::Template::Error (You have a nil object when you didn't expect it!
You might have expected an instance of Array.
The error occurred while evaluating nil.each):
    9:     <th></th>
    10:   </tr>
    11: 
    12: <% @users.each do |user| %>
    13:   <tr>
    14:     <td><%= user.name %></td>
    15:     <td><%= user.avatar_url %></td>
  app/views/users/index.html.erb:12:in `_app_views_users_index_html_erb__3411122610806983671_70267043248180'

Rendered /Users/gogo/.rvm/gems/ruby-1.9.2-p290/gems/actionpack-3.1.1/lib/action_dispatch/middleware/templates/rescues/_trace.erb (1.9ms)
Rendered /Users/gogo/.rvm/gems/ruby-1.9.2-p290/gems/actionpack-3.1.1/lib/action_dispatch/middleware/templates/rescues/_request_and_response.erb (1.4ms)
Rendered /Users/gogo/.rvm/gems/ruby-1.9.2-p290/gems/actionpack-3.1.1/lib/action_dispatch/middleware/templates/rescues/template_error.erb within rescues/layout (6.3ms)


Started GET "/users/new" for 127.0.0.1 at 2012-01-07 11:50:10 -0800
  Processing by UsersController#new as HTML
Rendered users/_form.html.erb (20.5ms)
Rendered users/new.html.erb within layouts/application (30.6ms)
Completed 200 OK in 75ms (Views: 71.3ms | ActiveRecord: 2.7ms)


Started GET "/assets/application.css?body=1" for 127.0.0.1 at 2012-01-07 11:50:10 -0800
Served asset /application.css - 304 Not Modified (0ms)


Started GET "/assets/scaffolds.css?body=1" for 127.0.0.1 at 2012-01-07 11:50:10 -0800
Served asset /scaffolds.css - 304 Not Modified (3ms)


Started GET "/assets/users.css?body=1" for 127.0.0.1 at 2012-01-07 11:50:10 -0800
Served asset /users.css - 304 Not Modified (3ms)


Started GET "/assets/jquery.js?body=1" for 127.0.0.1 at 2012-01-07 11:50:10 -0800
Served asset /jquery.js - 304 Not Modified (4ms)


Started GET "/assets/jquery_ujs.js?body=1" for 127.0.0.1 at 2012-01-07 11:50:10 -0800
Served asset /jquery_ujs.js - 304 Not Modified (3ms)


Started GET "/assets/users.js?body=1" for 127.0.0.1 at 2012-01-07 11:50:10 -0800
Served asset /users.js - 304 Not Modified (2ms)


Started GET "/assets/application.js?body=1" for 127.0.0.1 at 2012-01-07 11:50:10 -0800
Served asset /application.js - 304 Not Modified (0ms)


Started POST "/users" for 127.0.0.1 at 2012-01-07 11:50:15 -0800
  Processing by UsersController#create as HTML
  Parameters: {"utf8"=>"✓", "authenticity_token"=>"6Ez/ZSVBiCG/nt0Ay2WJbX3eqipmqMoqTQa0EkDjJSA=", "user"=>{"name"=>"", "avatar_url"=>#<ActionDispatch::Http::UploadedFile:0x007fd0a5501220 @original_filename="1.jpg", @content_type="image/jpeg", @headers="Content-Disposition: form-data; name=\"user[avatar_url]\"; filename=\"1.jpg\"\r\nContent-Type: image/jpeg\r\n", @tempfile=#<File:/var/folders/gz/jxmj6z9949q_6vpp3cwcjs0w0000gn/T/RackMultipart20120107-4900-1givacx>>}, "commit"=>"Create User"}
Completed 500 Internal Server Error in 4097ms

ArgumentError (wrong number of arguments (1 for 0)):
  lib/chute.rb:90:in `complete'
  lib/chute.rb:87:in `upload_to_s3'
  lib/chute.rb:71:in `generate_token'
  lib/chute.rb:49:in `block in upload'
  lib/chute.rb:48:in `collect'
  lib/chute.rb:48:in `upload'
  app/controllers/users_controller.rb:18:in `create'

Rendered /Users/gogo/.rvm/gems/ruby-1.9.2-p290/gems/actionpack-3.1.1/lib/action_dispatch/middleware/templates/rescues/_trace.erb (1.2ms)
Rendered /Users/gogo/.rvm/gems/ruby-1.9.2-p290/gems/actionpack-3.1.1/lib/action_dispatch/middleware/templates/rescues/_request_and_response.erb (1.0ms)
Rendered /Users/gogo/.rvm/gems/ruby-1.9.2-p290/gems/actionpack-3.1.1/lib/action_dispatch/middleware/templates/rescues/diagnostics.erb within rescues/layout (4.0ms)


Started GET "/users/new" for 127.0.0.1 at 2012-01-07 11:50:35 -0800
  Processing by UsersController#new as HTML
Rendered users/_form.html.erb (24.4ms)
Rendered users/new.html.erb within layouts/application (65.4ms)
Completed 200 OK in 121ms (Views: 116.8ms | ActiveRecord: 4.0ms)


Started GET "/assets/application.css?body=1" for 127.0.0.1 at 2012-01-07 11:50:36 -0800
Served asset /application.css - 304 Not Modified (0ms)


Started GET "/assets/scaffolds.css?body=1" for 127.0.0.1 at 2012-01-07 11:50:36 -0800
Served asset /scaffolds.css - 304 Not Modified (2ms)


Started GET "/assets/users.css?body=1" for 127.0.0.1 at 2012-01-07 11:50:36 -0800
Served asset /users.css - 304 Not Modified (2ms)


Started GET "/assets/jquery.js?body=1" for 127.0.0.1 at 2012-01-07 11:50:36 -0800
Served asset /jquery.js - 304 Not Modified (2ms)


Started GET "/assets/jquery_ujs.js?body=1" for 127.0.0.1 at 2012-01-07 11:50:36 -0800
Served asset /jquery_ujs.js - 304 Not Modified (2ms)


Started GET "/assets/users.js?body=1" for 127.0.0.1 at 2012-01-07 11:50:36 -0800
Served asset /users.js - 304 Not Modified (2ms)


Started GET "/assets/application.js?body=1" for 127.0.0.1 at 2012-01-07 11:50:36 -0800
Served asset /application.js - 304 Not Modified (0ms)


Started POST "/users" for 127.0.0.1 at 2012-01-07 11:50:39 -0800
  Processing by UsersController#create as HTML
  Parameters: {"utf8"=>"✓", "authenticity_token"=>"6Ez/ZSVBiCG/nt0Ay2WJbX3eqipmqMoqTQa0EkDjJSA=", "user"=>{"name"=>"", "avatar_url"=>#<ActionDispatch::Http::UploadedFile:0x007f998c7c6f28 @original_filename="3.jpg", @content_type="image/jpeg", @headers="Content-Disposition: form-data; name=\"user[avatar_url]\"; filename=\"3.jpg\"\r\nContent-Type: image/jpeg\r\n", @tempfile=#<File:/var/folders/gz/jxmj6z9949q_6vpp3cwcjs0w0000gn/T/RackMultipart20120107-4909-xrc1l0>>}, "commit"=>"Create User"}
Rendered text template (0.0ms)
Completed 200 OK in 9528ms (Views: 8.5ms | ActiveRecord: 0.0ms)


Started GET "/users/new" for 127.0.0.1 at 2012-01-07 11:51:36 -0800
  Processing by UsersController#new as HTML
Rendered users/_form.html.erb (22.8ms)
Rendered users/new.html.erb within layouts/application (64.7ms)
Completed 200 OK in 118ms (Views: 113.2ms | ActiveRecord: 3.8ms)


Started GET "/assets/application.css?body=1" for 127.0.0.1 at 2012-01-07 11:51:37 -0800
Served asset /application.css - 304 Not Modified (0ms)


Started GET "/assets/scaffolds.css?body=1" for 127.0.0.1 at 2012-01-07 11:51:37 -0800
Served asset /scaffolds.css - 304 Not Modified (3ms)


Started GET "/assets/users.css?body=1" for 127.0.0.1 at 2012-01-07 11:51:37 -0800
Served asset /users.css - 304 Not Modified (3ms)


Started GET "/assets/jquery.js?body=1" for 127.0.0.1 at 2012-01-07 11:51:37 -0800
Served asset /jquery.js - 304 Not Modified (4ms)


Started GET "/assets/jquery_ujs.js?body=1" for 127.0.0.1 at 2012-01-07 11:51:37 -0800
Served asset /jquery_ujs.js - 304 Not Modified (3ms)


Started GET "/assets/users.js?body=1" for 127.0.0.1 at 2012-01-07 11:51:37 -0800
Served asset /users.js - 304 Not Modified (2ms)


Started GET "/assets/application.js?body=1" for 127.0.0.1 at 2012-01-07 11:51:37 -0800
Served asset /application.js - 304 Not Modified (0ms)


Started POST "/users" for 127.0.0.1 at 2012-01-07 11:51:41 -0800
  Processing by UsersController#create as HTML
  Parameters: {"utf8"=>"✓", "authenticity_token"=>"6Ez/ZSVBiCG/nt0Ay2WJbX3eqipmqMoqTQa0EkDjJSA=", "user"=>{"name"=>"", "avatar_url"=>#<ActionDispatch::Http::UploadedFile:0x007fb9ed4c5140 @original_filename="3.jpg", @content_type="image/jpeg", @headers="Content-Disposition: form-data; name=\"user[avatar_url]\"; filename=\"3.jpg\"\r\nContent-Type: image/jpeg\r\n", @tempfile=#<File:/var/folders/gz/jxmj6z9949q_6vpp3cwcjs0w0000gn/T/RackMultipart20120107-4918-1rmv56b>>}, "commit"=>"Create User"}
Rendered text template (0.0ms)
Completed 200 OK in 10929ms (Views: 9.4ms | ActiveRecord: 0.0ms)


Started GET "/users/new" for 127.0.0.1 at 2012-01-07 11:52:23 -0800
  Processing by UsersController#new as HTML
Rendered users/_form.html.erb (22.1ms)
Rendered users/new.html.erb within layouts/application (62.3ms)
Completed 200 OK in 114ms (Views: 108.5ms | ActiveRecord: 4.6ms)


Started GET "/assets/application.css?body=1" for 127.0.0.1 at 2012-01-07 11:52:24 -0800
Served asset /application.css - 304 Not Modified (0ms)


Started GET "/assets/scaffolds.css?body=1" for 127.0.0.1 at 2012-01-07 11:52:24 -0800
Served asset /scaffolds.css - 304 Not Modified (3ms)


Started GET "/assets/users.css?body=1" for 127.0.0.1 at 2012-01-07 11:52:24 -0800
Served asset /users.css - 304 Not Modified (3ms)


Started GET "/assets/jquery.js?body=1" for 127.0.0.1 at 2012-01-07 11:52:24 -0800
Served asset /jquery.js - 304 Not Modified (4ms)


Started GET "/assets/jquery_ujs.js?body=1" for 127.0.0.1 at 2012-01-07 11:52:24 -0800
Served asset /jquery_ujs.js - 304 Not Modified (3ms)


Started GET "/assets/users.js?body=1" for 127.0.0.1 at 2012-01-07 11:52:24 -0800
Served asset /users.js - 304 Not Modified (2ms)


Started GET "/assets/application.js?body=1" for 127.0.0.1 at 2012-01-07 11:52:24 -0800
Served asset /application.js - 304 Not Modified (0ms)


Started POST "/users" for 127.0.0.1 at 2012-01-07 11:52:28 -0800
  Processing by UsersController#create as HTML
  Parameters: {"utf8"=>"✓", "authenticity_token"=>"6Ez/ZSVBiCG/nt0Ay2WJbX3eqipmqMoqTQa0EkDjJSA=", "user"=>{"name"=>"", "avatar_url"=>#<ActionDispatch::Http::UploadedFile:0x007fd5cd6a26b0 @original_filename="4.jpg", @content_type="image/jpeg", @headers="Content-Disposition: form-data; name=\"user[avatar_url]\"; filename=\"4.jpg\"\r\nContent-Type: image/jpeg\r\n", @tempfile=#<File:/var/folders/gz/jxmj6z9949q_6vpp3cwcjs0w0000gn/T/RackMultipart20120107-4928-12ksica>>}, "commit"=>"Create User"}
Rendered text template (0.0ms)
Completed 200 OK in 8970ms (Views: 8.4ms | ActiveRecord: 0.0ms)


Started GET "/users/new" for 127.0.0.1 at 2012-01-07 11:53:05 -0800
  Processing by UsersController#new as HTML
Rendered users/_form.html.erb (20.4ms)
Rendered users/new.html.erb within layouts/application (21.3ms)
Completed 200 OK in 30ms (Views: 26.7ms | ActiveRecord: 2.5ms)


Started GET "/assets/application.css?body=1" for 127.0.0.1 at 2012-01-07 11:53:05 -0800
Served asset /application.css - 304 Not Modified (0ms)


Started GET "/assets/scaffolds.css?body=1" for 127.0.0.1 at 2012-01-07 11:53:05 -0800
Served asset /scaffolds.css - 304 Not Modified (0ms)


Started GET "/assets/users.css?body=1" for 127.0.0.1 at 2012-01-07 11:53:05 -0800
Served asset /users.css - 304 Not Modified (0ms)


Started GET "/assets/jquery.js?body=1" for 127.0.0.1 at 2012-01-07 11:53:05 -0800
Served asset /jquery.js - 304 Not Modified (0ms)


Started GET "/assets/jquery_ujs.js?body=1" for 127.0.0.1 at 2012-01-07 11:53:05 -0800
Served asset /jquery_ujs.js - 304 Not Modified (0ms)


Started GET "/assets/users.js?body=1" for 127.0.0.1 at 2012-01-07 11:53:05 -0800
Served asset /users.js - 304 Not Modified (0ms)


Started GET "/assets/application.js?body=1" for 127.0.0.1 at 2012-01-07 11:53:05 -0800
Served asset /application.js - 304 Not Modified (1ms)


Started POST "/users" for 127.0.0.1 at 2012-01-07 11:53:11 -0800
  Processing by UsersController#create as HTML
  Parameters: {"utf8"=>"✓", "authenticity_token"=>"6Ez/ZSVBiCG/nt0Ay2WJbX3eqipmqMoqTQa0EkDjJSA=", "user"=>{"name"=>"", "avatar_url"=>#<ActionDispatch::Http::UploadedFile:0x007fbef86c5160 @original_filename="3.jpg", @content_type="image/jpeg", @headers="Content-Disposition: form-data; name=\"user[avatar_url]\"; filename=\"3.jpg\"\r\nContent-Type: image/jpeg\r\n", @tempfile=#<File:/var/folders/gz/jxmj6z9949q_6vpp3cwcjs0w0000gn/T/RackMultipart20120107-4943-15mibo9>>}, "commit"=>"Create User"}
Rendered text template (0.0ms)
Completed 200 OK in 11912ms (Views: 39.6ms | ActiveRecord: 0.0ms)


Started GET "/users/new" for 127.0.0.1 at 2012-01-07 13:13:59 -0800

Mysql2::Error (Access denied for user 'root'@'localhost' (using password: YES)):
  

Rendered /Users/greg/.rvm/gems/ruby-1.9.2-p136/gems/actionpack-3.1.1/lib/action_dispatch/middleware/templates/rescues/_trace.erb (1.9ms)
Rendered /Users/greg/.rvm/gems/ruby-1.9.2-p136/gems/actionpack-3.1.1/lib/action_dispatch/middleware/templates/rescues/_request_and_response.erb (28.2ms)
Rendered /Users/greg/.rvm/gems/ruby-1.9.2-p136/gems/actionpack-3.1.1/lib/action_dispatch/middleware/templates/rescues/diagnostics.erb within rescues/layout (66.7ms)


Started GET "/users/new" for 127.0.0.1 at 2012-01-07 13:14:22 -0800

Mysql2::Error (Access denied for user 'root'@'localhost' (using password: YES)):
  

Rendered /Users/greg/.rvm/gems/ruby-1.9.2-p136/gems/actionpack-3.1.1/lib/action_dispatch/middleware/templates/rescues/_trace.erb (1.1ms)
Rendered /Users/greg/.rvm/gems/ruby-1.9.2-p136/gems/actionpack-3.1.1/lib/action_dispatch/middleware/templates/rescues/_request_and_response.erb (41.0ms)
Rendered /Users/greg/.rvm/gems/ruby-1.9.2-p136/gems/actionpack-3.1.1/lib/action_dispatch/middleware/templates/rescues/diagnostics.erb within rescues/layout (44.3ms)


Started GET "/users/new" for 127.0.0.1 at 2012-01-07 13:15:15 -0800

Mysql2::Error (Access denied for user 'root'@'localhost' (using password: YES)):
  

Rendered /Users/greg/.rvm/gems/ruby-1.9.2-p136/gems/actionpack-3.1.1/lib/action_dispatch/middleware/templates/rescues/_trace.erb (0.9ms)
Rendered /Users/greg/.rvm/gems/ruby-1.9.2-p136/gems/actionpack-3.1.1/lib/action_dispatch/middleware/templates/rescues/_request_and_response.erb (1.0ms)
Rendered /Users/greg/.rvm/gems/ruby-1.9.2-p136/gems/actionpack-3.1.1/lib/action_dispatch/middleware/templates/rescues/diagnostics.erb within rescues/layout (4.1ms)


Started GET "/users/new" for 127.0.0.1 at 2012-01-07 13:15:21 -0800

Mysql2::Error (Access denied for user 'root'@'localhost' (using password: YES)):
  

Rendered /Users/greg/.rvm/gems/ruby-1.9.2-p136/gems/actionpack-3.1.1/lib/action_dispatch/middleware/templates/rescues/_trace.erb (1.0ms)
Rendered /Users/greg/.rvm/gems/ruby-1.9.2-p136/gems/actionpack-3.1.1/lib/action_dispatch/middleware/templates/rescues/_request_and_response.erb (1.4ms)
Rendered /Users/greg/.rvm/gems/ruby-1.9.2-p136/gems/actionpack-3.1.1/lib/action_dispatch/middleware/templates/rescues/diagnostics.erb within rescues/layout (5.4ms)


Started GET "/users/new" for 127.0.0.1 at 2012-01-07 13:15:58 -0800

Mysql2::Error (Access denied for user 'root'@'localhost' (using password: YES)):
  

Rendered /Users/greg/.rvm/gems/ruby-1.9.2-p136/gems/actionpack-3.1.1/lib/action_dispatch/middleware/templates/rescues/_trace.erb (1.1ms)
Rendered /Users/greg/.rvm/gems/ruby-1.9.2-p136/gems/actionpack-3.1.1/lib/action_dispatch/middleware/templates/rescues/_request_and_response.erb (1.0ms)
Rendered /Users/greg/.rvm/gems/ruby-1.9.2-p136/gems/actionpack-3.1.1/lib/action_dispatch/middleware/templates/rescues/diagnostics.erb within rescues/layout (4.4ms)


Started GET "/users/new" for 127.0.0.1 at 2012-01-07 13:16:18 -0800
  Processing by UsersController#new as HTML
Rendered users/_form.html.erb (99.7ms)
Rendered users/new.html.erb within layouts/application (169.8ms)
Completed 500 Internal Server Error in 236ms

ActionView::Template::Error (uninitialized constant ActionView::CompiledTemplates::CHUTE):
    1: <%= CHUTE.to_yaml %>
    2: <%= form_for(@user, :html => { :multipart => true }) do |f| %>
    3:   <% if @user.errors.any? %>
    4:     <div id="error_explanation">
  app/views/users/_form.html.erb:1:in `_app_views_users__form_html_erb__149003978200617718_2158853020'
  app/views/users/new.html.erb:3:in `_app_views_users_new_html_erb__1885700461310020554_2165543380'
  app/controllers/users_controller.rb:9:in `new'

Rendered /Users/greg/.rvm/gems/ruby-1.9.2-p136/gems/actionpack-3.1.1/lib/action_dispatch/middleware/templates/rescues/_trace.erb (1.2ms)
Rendered /Users/greg/.rvm/gems/ruby-1.9.2-p136/gems/actionpack-3.1.1/lib/action_dispatch/middleware/templates/rescues/_request_and_response.erb (1.1ms)
Rendered /Users/greg/.rvm/gems/ruby-1.9.2-p136/gems/actionpack-3.1.1/lib/action_dispatch/middleware/templates/rescues/template_error.erb within rescues/layout (4.5ms)


Started GET "/users/new" for 127.0.0.1 at 2012-01-07 13:16:57 -0800
  Processing by UsersController#new as HTML
Rendered users/_form.html.erb (156.8ms)
Rendered users/new.html.erb within layouts/application (158.0ms)
Cache for Asset (application.js) is stale
/Users/gogo/.rvm/gems/ruby-1.9.2-p290/gems/jquery-rails-1.0.17/vendor/assets/javascripts/jquery.js isn't in paths: /Users/greg/LittleGrams/Dropbox/ChuteLocal/Code/chute-tutorials/Rails/Form Uploader/app/assets/images, /Users/greg/LittleGrams/Dropbox/ChuteLocal/Code/chute-tutorials/Rails/Form Uploader/app/assets/javascripts, /Users/greg/LittleGrams/Dropbox/ChuteLocal/Code/chute-tutorials/Rails/Form Uploader/app/assets/stylesheets, /Users/greg/LittleGrams/Dropbox/ChuteLocal/Code/chute-tutorials/Rails/Form Uploader/vendor/assets/stylesheets, /Users/greg/.rvm/gems/ruby-1.9.2-p136/gems/jquery-rails-1.0.19/vendor/assets/javascripts
Compiled application.js  (27ms)  (pid 37051)
Compiled jquery.js  (19ms)  (pid 37051)
Compiled jquery_ujs.js  (0ms)  (pid 37051)
Completed 200 OK in 440ms (Views: 403.6ms | ActiveRecord: 35.4ms)


Started GET "/assets/users.js?body=1" for 127.0.0.1 at 2012-01-07 13:16:58 -0800
Served asset /users.js - 200 OK (7ms)


Started GET "/assets/scaffolds.css?body=1" for 127.0.0.1 at 2012-01-07 13:16:58 -0800
Served asset /scaffolds.css - 200 OK (3ms)


Started GET "/assets/jquery.js?body=1" for 127.0.0.1 at 2012-01-07 13:16:58 -0800
Served asset /jquery.js - 200 OK (7ms)


Started GET "/assets/jquery_ujs.js?body=1" for 127.0.0.1 at 2012-01-07 13:16:58 -0800
Served asset /jquery_ujs.js - 200 OK (8ms)


Started GET "/assets/application.css?body=1" for 127.0.0.1 at 2012-01-07 13:16:58 -0800
Served asset /application.css - 200 OK (0ms)


Started GET "/assets/users.css?body=1" for 127.0.0.1 at 2012-01-07 13:16:58 -0800
Served asset /users.css - 200 OK (3ms)


Started GET "/assets/application.js?body=1" for 127.0.0.1 at 2012-01-07 13:16:58 -0800
Served asset /application.js - 200 OK (0ms)
